<?xml version="1.0" encoding="UTF-8"?>
<!-- Generated by org.testng.reporters.JUnitReportReporter -->
<testsuite hostname="SWARAJ-PC" failures="0" tests="1" name="org.testNGTourismManagementScriptsTest.WriteUsCancellationTest" time="8.807" errors="0" timestamp="2022-10-12T10:36:56 IST" skipped="0">
  <testcase classname="org.testNGTourismManagementScriptsTest.WriteUsCancellationTest" name="CancellationTest" time="8.807"/>
  <system-out>
    <![CDATA[User TC Pass
Admin TC Pass]]>
  </system-out>
</testsuite> <!-- org.testNGTourismManagementScriptsTest.WriteUsCancellationTest -->
