<?xml version="1.0" encoding="UTF-8"?>
<!-- Generated by org.testng.reporters.JUnitReportReporter -->
<testsuite hostname="SWARAJ-PC" failures="0" tests="1" name="org.testNGTourismManagementScriptsTest.RaiseBookingasUserUpdateRemarkasAdminTest" time="12.999" errors="0" timestamp="2022-10-12T10:36:56 IST" skipped="0">
  <testcase classname="org.testNGTourismManagementScriptsTest.RaiseBookingasUserUpdateRemarkasAdminTest" name="SecondScriptTest" time="12.999"/>
  <system-out/>
</testsuite> <!-- org.testNGTourismManagementScriptsTest.RaiseBookingasUserUpdateRemarkasAdminTest -->
