<?xml version="1.0" encoding="UTF-8"?>
<!-- Generated by org.testng.reporters.JUnitReportReporter -->
<testsuite hostname="SWARAJ-PC" failures="0" tests="1" name="org.testNGTourismManagementScriptsTest.CreateUserandCheckCountTest" time="8.233" errors="0" timestamp="2022-11-15T13:07:03 IST" skipped="0">
  <testcase classname="org.testNGTourismManagementScriptsTest.CreateUserandCheckCountTest" name="FirstScriptTest" time="8.233"/>
  <system-out/>
</testsuite> <!-- org.testNGTourismManagementScriptsTest.CreateUserandCheckCountTest -->
