<?xml version="1.0" encoding="UTF-8"?>
<!-- Generated by org.testng.reporters.JUnitReportReporter -->
<testsuite hostname="DESKTOP-AN7LPJS" failures="0" tests="1" name="org.testNGTourismManagementScriptsTest.Admin_TourPackage" time="3.017" errors="0" timestamp="2022-09-22T15:35:11 IST" skipped="0">
  <testcase classname="org.testNGTourismManagementScriptsTest.Admin_TourPackage" name="createPackage" time="3.017"/>
  <system-out/>
</testsuite> <!-- org.testNGTourismManagementScriptsTest.Admin_TourPackage -->
