<?xml version="1.0" encoding="UTF-8"?>
<!-- Generated by org.testng.reporters.JUnitReportReporter -->
<testsuite hostname="SWARAJ-PC" failures="0" tests="1" name="org.testNGTourismManagementScriptsTest.RaiseBookingasUserUpdateRemarkasAdminTest" time="18.769" errors="0" timestamp="2022-09-22T13:23:21 IST" skipped="0">
  <testcase classname="org.testNGTourismManagementScriptsTest.RaiseBookingasUserUpdateRemarkasAdminTest" name="SecondScriptTest" time="18.769"/>
  <system-out/>
</testsuite> <!-- org.testNGTourismManagementScriptsTest.RaiseBookingasUserUpdateRemarkasAdminTest -->
