<?xml version="1.0" encoding="UTF-8"?>
<!-- Generated by org.testng.reporters.JUnitReportReporter -->
<testsuite hostname="SWARAJ-PC" failures="0" tests="1" name="org.testNGTourismManagementScriptsTest.CreateAndBookSamePackageAndCheckCountTest" time="17.567" errors="0" timestamp="2022-09-22T13:23:21 IST" skipped="0">
  <testcase classname="org.testNGTourismManagementScriptsTest.CreateAndBookSamePackageAndCheckCountTest" name="bookPackageCheckCountIncreases" time="17.567"/>
  <system-out/>
</testsuite> <!-- org.testNGTourismManagementScriptsTest.CreateAndBookSamePackageAndCheckCountTest -->
