<?xml version="1.0" encoding="UTF-8"?>
<!-- Generated by org.testng.reporters.JUnitReportReporter -->
<testsuite hostname="SWARAJ-PC" failures="0" tests="1" name="org.testNGTourismManagementScriptsTest.BookaPackageAndCheckCountTest" time="19.551" errors="0" timestamp="2022-09-21T17:18:20 IST" skipped="0">
  <testcase classname="org.testNGTourismManagementScriptsTest.BookaPackageAndCheckCountTest" name="bookPackageCheckCountIncreases" time="19.551"/>
  <system-out/>
</testsuite> <!-- org.testNGTourismManagementScriptsTest.BookaPackageAndCheckCountTest -->
