<?xml version="1.0" encoding="UTF-8"?>
<!-- Generated by org.testng.reporters.JUnitReportReporter -->
<testsuite hostname="SWARAJ-PC" failures="0" tests="1" name="practiceTestNG.ShadowElements" time="9.337" errors="0" timestamp="2022-11-03T13:42:25 IST" skipped="0">
  <testcase classname="practiceTestNG.ShadowElements" name="ShadowElement" time="9.337"/>
  <system-out/>
</testsuite> <!-- practiceTestNG.ShadowElements -->
