<?xml version="1.0" encoding="UTF-8"?>
<!-- Generated by org.testng.reporters.JUnitReportReporter -->
<testsuite hostname="SWARAJ-PC" failures="0" tests="1" name="org.testNGTourismManagementScriptsTest.SeleniumGrid" time="7.271" errors="0" timestamp="2022-10-27T15:09:53 IST" skipped="0">
  <testcase classname="org.testNGTourismManagementScriptsTest.SeleniumGrid" name="test1" time="7.271"/>
  <system-out/>
</testsuite> <!-- org.testNGTourismManagementScriptsTest.SeleniumGrid -->
