<?xml version="1.0" encoding="UTF-8"?>
<!-- Generated by org.testng.reporters.JUnitReportReporter -->
<testsuite hostname="DESKTOP-AN7LPJS" failures="0" tests="1" name="org.testNGTourismManagementScriptsTest.Write_Us_1RefundTest" time="9.457" errors="0" timestamp="2022-09-22T16:46:00 IST" skipped="0">
  <testcase classname="org.testNGTourismManagementScriptsTest.Write_Us_1RefundTest" name="write_Us_RefundTest" time="9.457"/>
  <system-out>
    <![CDATA[User TC Pass
Admin TC Pass]]>
  </system-out>
</testsuite> <!-- org.testNGTourismManagementScriptsTest.Write_Us_1RefundTest -->
