<?xml version="1.0" encoding="UTF-8"?>
<!-- Generated by org.testng.reporters.JUnitReportReporter -->
<testsuite hostname="SWARAJ-PC" failures="0" tests="10" name="org.testNGTourismManagementScriptsTest.LoginToApplicationWithMultipleUsersTest" time="28.458" errors="0" timestamp="2022-09-22T13:23:21 IST" skipped="0">
  <testcase classname="org.testNGTourismManagementScriptsTest.LoginToApplicationWithMultipleUsersTest" name="loginWithMultipleUsers" time="2.683"/>
  <system-out/>
  <testcase classname="org.testNGTourismManagementScriptsTest.LoginToApplicationWithMultipleUsersTest" name="loginWithMultipleUsers" time="2.840"/>
  <system-out/>
  <testcase classname="org.testNGTourismManagementScriptsTest.LoginToApplicationWithMultipleUsersTest" name="loginWithMultipleUsers" time="2.705"/>
  <system-out/>
  <testcase classname="org.testNGTourismManagementScriptsTest.LoginToApplicationWithMultipleUsersTest" name="loginWithMultipleUsers" time="3.511"/>
  <system-out/>
  <testcase classname="org.testNGTourismManagementScriptsTest.LoginToApplicationWithMultipleUsersTest" name="loginWithMultipleUsers" time="2.379"/>
  <system-out/>
  <testcase classname="org.testNGTourismManagementScriptsTest.LoginToApplicationWithMultipleUsersTest" name="loginWithMultipleUsers" time="2.893"/>
  <system-out/>
  <testcase classname="org.testNGTourismManagementScriptsTest.LoginToApplicationWithMultipleUsersTest" name="loginWithMultipleUsers" time="2.669"/>
  <system-out/>
  <testcase classname="org.testNGTourismManagementScriptsTest.LoginToApplicationWithMultipleUsersTest" name="loginWithMultipleUsers" time="2.850"/>
  <system-out/>
  <testcase classname="org.testNGTourismManagementScriptsTest.LoginToApplicationWithMultipleUsersTest" name="loginWithMultipleUsers" time="2.830"/>
  <system-out/>
  <testcase classname="org.testNGTourismManagementScriptsTest.LoginToApplicationWithMultipleUsersTest" name="loginWithMultipleUsers" time="3.098"/>
  <system-out/>
</testsuite> <!-- org.testNGTourismManagementScriptsTest.LoginToApplicationWithMultipleUsersTest -->
