<?xml version="1.0" encoding="UTF-8"?>
<!-- Generated by org.testng.reporters.JUnitReportReporter -->
<testsuite hostname="SWARAJ-PC" failures="0" tests="1" name="org.testNGTourismManagementScriptsTest.CreateUserandCheckCountTest" time="5.717" errors="0" timestamp="2022-09-22T13:23:21 IST" skipped="0">
  <testcase classname="org.testNGTourismManagementScriptsTest.CreateUserandCheckCountTest" name="FirstScriptTest" time="5.717"/>
  <system-out/>
</testsuite> <!-- org.testNGTourismManagementScriptsTest.CreateUserandCheckCountTest -->
