<?xml version="1.0" encoding="UTF-8"?>
<!-- Generated by org.testng.reporters.JUnitReportReporter -->
<testsuite hostname="SWARAJ-PC" failures="0" tests="1" name="org.testNGTourismManagementScriptsTest.WriteUsRefundTest" time="9.826" errors="0" timestamp="2022-10-12T10:36:56 IST" skipped="0">
  <testcase classname="org.testNGTourismManagementScriptsTest.WriteUsRefundTest" name="writeUsRefundTest" time="9.826"/>
  <system-out>
    <![CDATA[User TC Pass
Admin TC Pass]]>
  </system-out>
</testsuite> <!-- org.testNGTourismManagementScriptsTest.WriteUsRefundTest -->
