<?xml version="1.0" encoding="UTF-8"?>
<!-- Generated by org.testng.reporters.JUnitReportReporter -->
<testsuite hostname="SWARAJ-PC" failures="0" tests="10" name="org.testNGTourismManagementScriptsTest.LoginToApplicationWithMultipleUsersTest" time="31.025" errors="0" timestamp="2022-09-21T17:09:37 IST" skipped="0">
  <testcase classname="org.testNGTourismManagementScriptsTest.LoginToApplicationWithMultipleUsersTest" name="loginWithMultipleUsers" time="2.637"/>
  <system-out/>
  <testcase classname="org.testNGTourismManagementScriptsTest.LoginToApplicationWithMultipleUsersTest" name="loginWithMultipleUsers" time="3.528"/>
  <system-out/>
  <testcase classname="org.testNGTourismManagementScriptsTest.LoginToApplicationWithMultipleUsersTest" name="loginWithMultipleUsers" time="3.009"/>
  <system-out/>
  <testcase classname="org.testNGTourismManagementScriptsTest.LoginToApplicationWithMultipleUsersTest" name="loginWithMultipleUsers" time="2.854"/>
  <system-out/>
  <testcase classname="org.testNGTourismManagementScriptsTest.LoginToApplicationWithMultipleUsersTest" name="loginWithMultipleUsers" time="3.796"/>
  <system-out/>
  <testcase classname="org.testNGTourismManagementScriptsTest.LoginToApplicationWithMultipleUsersTest" name="loginWithMultipleUsers" time="2.696"/>
  <system-out/>
  <testcase classname="org.testNGTourismManagementScriptsTest.LoginToApplicationWithMultipleUsersTest" name="loginWithMultipleUsers" time="2.753"/>
  <system-out/>
  <testcase classname="org.testNGTourismManagementScriptsTest.LoginToApplicationWithMultipleUsersTest" name="loginWithMultipleUsers" time="3.724"/>
  <system-out/>
  <testcase classname="org.testNGTourismManagementScriptsTest.LoginToApplicationWithMultipleUsersTest" name="loginWithMultipleUsers" time="3.488"/>
  <system-out/>
  <testcase classname="org.testNGTourismManagementScriptsTest.LoginToApplicationWithMultipleUsersTest" name="loginWithMultipleUsers" time="2.540"/>
  <system-out/>
</testsuite> <!-- org.testNGTourismManagementScriptsTest.LoginToApplicationWithMultipleUsersTest -->
