<?xml version="1.0" encoding="UTF-8"?>
<!-- Generated by org.testng.reporters.JUnitReportReporter -->
<testsuite hostname="SWARAJ-PC" failures="0" tests="1" name="org.testNGTourismManagementScriptsTest.CreatePackageAndCheckCountTest" time="10.704" errors="0" timestamp="2022-11-15T13:01:31 IST" skipped="0">
  <testcase classname="org.testNGTourismManagementScriptsTest.CreatePackageAndCheckCountTest" name="ThirdScriptTest" time="10.704"/>
  <system-out/>
</testsuite> <!-- org.testNGTourismManagementScriptsTest.CreatePackageAndCheckCountTest -->
