<?xml version="1.0" encoding="UTF-8"?>
<!-- Generated by org.testng.reporters.JUnitReportReporter -->
<testsuite hostname="SWARAJ-PC" failures="0" tests="1" name="org.testNGTourismManagementScriptsTest.CreateAndBookSamePackageAndCheckCountTest" time="13.184" errors="0" timestamp="2022-10-12T10:36:56 IST" skipped="0">
  <testcase classname="org.testNGTourismManagementScriptsTest.CreateAndBookSamePackageAndCheckCountTest" name="bookPackageCheckCountIncreases" time="13.184"/>
  <system-out/>
</testsuite> <!-- org.testNGTourismManagementScriptsTest.CreateAndBookSamePackageAndCheckCountTest -->
